<?xml version="1.0" encoding="UTF-8" standalone="no"?>
<!DOCTYPE log SYSTEM "logger.dtd">
<log>
<record>
  <date>2017-05-29T14:30:45.574-0300</date>
  <logger>AMINTAS VICTOR RAMOS PEREIRA</logger>
  <level>FINE</level>
  <message>File 116110761-AMINTAS VICTOR RAMOS PEREIRA.zip was received. It was sent by AMINTAS VICTOR RAMOS PEREIRA from IP 150.165.54.120</message>
</record>
</log>
<?xml version="1.0" encoding="UTF-8" standalone="no"?>
<!DOCTYPE log SYSTEM "logger.dtd">
<log>
<record>
  <date>2017-05-29T22:45:44.071-0300</date>
  <logger>AMINTAS VICTOR RAMOS PEREIRA</logger>
  <level>FINE</level>
  <message>File 116110761-AMINTAS VICTOR RAMOS PEREIRA.zip was received. It was sent by AMINTAS VICTOR RAMOS PEREIRA from IP 127.0.1.1</message>
</record>
</log>
<?xml version="1.0" encoding="UTF-8" standalone="no"?>
<!DOCTYPE log SYSTEM "logger.dtd">
<log>
<record>
  <date>2017-05-29T22:48:34.568-0300</date>
  <logger>AMINTAS VICTOR RAMOS PEREIRA</logger>
  <level>FINE</level>
  <message>File 116110761-AMINTAS VICTOR RAMOS PEREIRA.zip was received. It was sent by AMINTAS VICTOR RAMOS PEREIRA from IP 127.0.1.1</message>
</record>
</log>
<?xml version="1.0" encoding="UTF-8" standalone="no"?>
<!DOCTYPE log SYSTEM "logger.dtd">
<log>
<record>
  <date>2017-05-29T22:53:25.724-0300</date>
  <logger>AMINTAS VICTOR RAMOS PEREIRA</logger>
  <level>FINE</level>
  <message>File 116110761-AMINTAS VICTOR RAMOS PEREIRA.zip was received. It was sent by AMINTAS VICTOR RAMOS PEREIRA from IP 127.0.1.1</message>
</record>
