<?xml version="1.0" encoding="UTF-8" standalone="no"?>
<!DOCTYPE log SYSTEM "logger.dtd">
<log>
<record>
  <date>2017-08-07T14:04:34.460-0300</date>
  <logger>AMINTAS VICTOR RAMOS PEREIRA</logger>
  <level>FINE</level>
  <message>File 116110761-AMINTAS VICTOR RAMOS PEREIRA.zip was received. It was sent by AMINTAS VICTOR RAMOS PEREIRA from IP 127.0.1.1</message>
</record>
</log>
<?xml version="1.0" encoding="UTF-8" standalone="no"?>
<!DOCTYPE log SYSTEM "logger.dtd">
<log>
<record>
  <date>2017-08-07T22:43:52.454-0300</date>
  <logger>AMINTAS VICTOR RAMOS PEREIRA</logger>
  <level>FINE</level>
  <message>File 116110761-AMINTAS VICTOR RAMOS PEREIRA.zip was received. It was sent by AMINTAS VICTOR RAMOS PEREIRA from IP 127.0.1.1</message>
</record>
</log>
<?xml version="1.0" encoding="UTF-8" standalone="no"?>
<!DOCTYPE log SYSTEM "logger.dtd">
<log>
<record>
  <date>2017-08-08T00:57:32.150-0300</date>
  <logger>AMINTAS VICTOR RAMOS PEREIRA</logger>
  <level>FINE</level>
  <message>File 116110761-AMINTAS VICTOR RAMOS PEREIRA.zip was received. It was sent by AMINTAS VICTOR RAMOS PEREIRA from IP 127.0.1.1</message>
</record>
